[18:38:35.614] Global cache location '/home/arjun/.cache/typescript/4.0', safe file path '/home/arjun/.emacs.d/.cache/lsp/npm/typescript/lib/node_modules/typescript/lib/typingSafeList.json', types map path /home/arjun/.emacs.d/.cache/lsp/npm/typescript/lib/node_modules/typescript/lib/typesMap.json
[18:38:35.614] Processing cache location '/home/arjun/.cache/typescript/4.0'
[18:38:35.615] Trying to find '/home/arjun/.cache/typescript/4.0/package.json'...
[18:38:35.615] Loaded content of '/home/arjun/.cache/typescript/4.0/package.json': {"private":true,"dependencies":{"types-registry":"^0.1.509"},"devDependencies":{"@types/async":"^3.2.3","@types/atob":"^2.1.2","@types/babel__core":"^7.1.9","@types/bindings":"^1.3.0","@types/core-js":"^2.5.4","@types/denodeify":"^1.2.31","@types/eslint":"^7.2.3","@types/fbemitter":"^2.0.32","@types/immediate":"^3.2.0","@types/isomorphic-fetch":"0.0.35","@types/karma":"^5.0.0","@types/karma-chrome-launcher":"^3.1.0","@types/karma-coverage-istanbul-reporter":"^2.1.0","@types/karma-jasmine":"^3.1.0","@types/karma-jasmine-html-reporter":"^1.5.1","@types/mongodb":"^3.5.27","@types/mongoose":"^5.7.36","@types/nodemon":"^1.19.0","@types/react":"^16.9.49","@types/react-dom":"^16.9.8","@types/react-native":"^0.63.20","@types/sass":"^1.16.0","@types/sass-loader":"^8.0.0","@types/sprintf":"^0.1.0","@types/ua-parser-js":"^0.7.33"}}
[18:38:35.615] Loaded content of '/home/arjun/.cache/typescript/4.0/package-lock.json'
[18:38:35.627] Adding entry into typings cache: 'async' => '/home/arjun/.cache/typescript/4.0/node_modules/@types/async/index.d.ts'
[18:38:35.629] Adding entry into typings cache: 'atob' => '/home/arjun/.cache/typescript/4.0/node_modules/@types/atob/index.d.ts'
[18:38:35.632] Adding entry into typings cache: 'babel__core' => '/home/arjun/.cache/typescript/4.0/node_modules/@types/babel__core/index.d.ts'
[18:38:35.634] Adding entry into typings cache: 'bindings' => '/home/arjun/.cache/typescript/4.0/node_modules/@types/bindings/index.d.ts'
[18:38:35.635] Adding entry into typings cache: 'core-js' => '/home/arjun/.cache/typescript/4.0/node_modules/@types/core-js/index.d.ts'
[18:38:35.636] Adding entry into typings cache: 'denodeify' => '/home/arjun/.cache/typescript/4.0/node_modules/@types/denodeify/index.d.ts'
[18:38:35.638] Adding entry into typings cache: 'eslint' => '/home/arjun/.cache/typescript/4.0/node_modules/@types/eslint/index.d.ts'
[18:38:35.640] Adding entry into typings cache: 'fbemitter' => '/home/arjun/.cache/typescript/4.0/node_modules/@types/fbemitter/index.d.ts'
[18:38:35.644] Adding entry into typings cache: 'immediate' => '/home/arjun/.cache/typescript/4.0/node_modules/@types/immediate/index.d.ts'
[18:38:35.645] Adding entry into typings cache: 'isomorphic-fetch' => '/home/arjun/.cache/typescript/4.0/node_modules/@types/isomorphic-fetch/index.d.ts'
[18:38:35.647] Adding entry into typings cache: 'karma' => '/home/arjun/.cache/typescript/4.0/node_modules/@types/karma/index.d.ts'
[18:38:35.649] Adding entry into typings cache: 'karma-chrome-launcher' => '/home/arjun/.cache/typescript/4.0/node_modules/@types/karma-chrome-launcher/index.d.ts'
[18:38:35.650] Adding entry into typings cache: 'karma-coverage-istanbul-reporter' => '/home/arjun/.cache/typescript/4.0/node_modules/@types/karma-coverage-istanbul-reporter/index.d.ts'
[18:38:35.652] Adding entry into typings cache: 'karma-jasmine' => '/home/arjun/.cache/typescript/4.0/node_modules/@types/karma-jasmine/index.d.ts'
[18:38:35.654] Adding entry into typings cache: 'karma-jasmine-html-reporter' => '/home/arjun/.cache/typescript/4.0/node_modules/@types/karma-jasmine-html-reporter/index.d.ts'
[18:38:35.656] Adding entry into typings cache: 'mongodb' => '/home/arjun/.cache/typescript/4.0/node_modules/@types/mongodb/index.d.ts'
[18:38:35.659] Adding entry into typings cache: 'mongoose' => '/home/arjun/.cache/typescript/4.0/node_modules/@types/mongoose/index.d.ts'
[18:38:35.661] Adding entry into typings cache: 'nodemon' => '/home/arjun/.cache/typescript/4.0/node_modules/@types/nodemon/index.d.ts'
[18:38:35.663] Adding entry into typings cache: 'react' => '/home/arjun/.cache/typescript/4.0/node_modules/@types/react/index.d.ts'
[18:38:35.665] Adding entry into typings cache: 'react-dom' => '/home/arjun/.cache/typescript/4.0/node_modules/@types/react-dom/index.d.ts'
[18:38:35.669] Adding entry into typings cache: 'react-native' => '/home/arjun/.cache/typescript/4.0/node_modules/@types/react-native/index.d.ts'
[18:38:35.670] Adding entry into typings cache: 'sass' => '/home/arjun/.cache/typescript/4.0/node_modules/@types/sass/index.d.ts'
[18:38:35.673] Adding entry into typings cache: 'sass-loader' => '/home/arjun/.cache/typescript/4.0/node_modules/@types/sass-loader/index.d.ts'
[18:38:35.674] Adding entry into typings cache: 'sprintf' => '/home/arjun/.cache/typescript/4.0/node_modules/@types/sprintf/index.d.ts'
[18:38:35.676] Adding entry into typings cache: 'ua-parser-js' => '/home/arjun/.cache/typescript/4.0/node_modules/@types/ua-parser-js/index.d.ts'
[18:38:35.676] Finished processing cache location '/home/arjun/.cache/typescript/4.0'
[18:38:35.676] Process id: 18256
[18:38:35.676] NPM location: /home/arjun/.nvm/versions/node/v12.18.3/bin/npm (explicit '--npmLocation' not  provided)
[18:38:35.676] validateDefaultNpmLocation: false
[18:38:35.676] Npm config file: /home/arjun/.cache/typescript/4.0/package.json
[18:38:35.676] Updating types-registry npm package...
[18:38:35.676] Exec: /home/arjun/.nvm/versions/node/v12.18.3/bin/npm install --ignore-scripts types-registry@latest
[18:38:37.472]     Succeeded. stdout:
    + types-registry@0.1.509
    updated 1 package and audited 63 packages in 1.268s
found 0 vulnerabilities


[18:38:37.473] Updated types-registry npm package
[18:38:37.487] Got install request {"projectName":"/dev/null/inferredProject1*","fileNames":["/home/arjun/.emacs.d/.cache/lsp/npm/typescript/lib/node_modules/typescript/lib/lib.d.ts","/home/arjun/.emacs.d/.cache/lsp/npm/typescript/lib/node_modules/typescript/lib/lib.es5.d.ts","/home/arjun/.emacs.d/.cache/lsp/npm/typescript/lib/node_modules/typescript/lib/lib.dom.d.ts","/home/arjun/.emacs.d/.cache/lsp/npm/typescript/lib/node_modules/typescript/lib/lib.webworker.importscripts.d.ts","/home/arjun/.emacs.d/.cache/lsp/npm/typescript/lib/node_modules/typescript/lib/lib.scripthost.d.ts","/home/arjun/.emacs.d/elisp/treemacs-theme/test.js"],"compilerOptions":{"target":1,"jsx":1,"allowNonTsExtensions":true,"allowJs":true,"noEmitForJsFiles":true,"maxNodeModuleJsDepth":2},"typeAcquisition":{"enable":true,"include":[],"exclude":[]},"unresolvedImports":[],"projectRootPath":"/home/arjun/.emacs.d/elisp/treemacs-theme","kind":"discover"}
[18:38:37.502] Loaded safelist from types map file '/home/arjun/.emacs.d/.cache/lsp/npm/typescript/lib/node_modules/typescript/lib/typesMap.json'
[18:38:37.502] Explicitly included types: []
[18:38:37.503] Inferred typings from unresolved imports: []
[18:38:37.503] Result: {"cachedTypingPaths":[],"newTypingNames":[],"filesToWatch":["/home/arjun/.emacs.d/elisp/treemacs-theme/bower_components","/home/arjun/.emacs.d/elisp/treemacs-theme/node_modules"]}
[18:38:37.503] Finished typings discovery: {"cachedTypingPaths":[],"newTypingNames":[],"filesToWatch":["/home/arjun/.emacs.d/elisp/treemacs-theme/bower_components","/home/arjun/.emacs.d/elisp/treemacs-theme/node_modules"]}
[18:38:37.503] DirectoryWatcher:: Added:: WatchInfo: /home/arjun/.emacs.d/elisp/treemacs-theme/bower_components
[18:38:37.505] DirectoryWatcher:: Added:: WatchInfo: /home/arjun/.emacs.d/elisp/treemacs-theme/node_modules
[18:38:37.505] Sending response:
    {"projectName":"/dev/null/inferredProject1*","typeAcquisition":{"enable":true,"include":[],"exclude":[]},"compilerOptions":{"target":1,"jsx":1,"allowNonTsExtensions":true,"allowJs":true,"noEmitForJsFiles":true,"maxNodeModuleJsDepth":2},"typings":[],"unresolvedImports":[],"kind":"action::set"}
[18:38:37.506] Response has been sent.
[18:38:37.506] No new typings were requested as a result of typings discovery
