[8:46:49.321] Global cache location '/home/arjun/.cache/typescript/4.0', safe file path '/home/arjun/.emacs.d/.cache/lsp/npm/typescript/lib/node_modules/typescript/lib/typingSafeList.json', types map path /home/arjun/.emacs.d/.cache/lsp/npm/typescript/lib/node_modules/typescript/lib/typesMap.json
[8:46:49.321] Processing cache location '/home/arjun/.cache/typescript/4.0'
[8:46:49.321] Trying to find '/home/arjun/.cache/typescript/4.0/package.json'...
[8:46:49.322] Loaded content of '/home/arjun/.cache/typescript/4.0/package.json': {"private":true,"dependencies":{"types-registry":"^0.1.509"},"devDependencies":{"@types/async":"^3.2.3","@types/atob":"^2.1.2","@types/babel__core":"^7.1.9","@types/bindings":"^1.3.0","@types/core-js":"^2.5.4","@types/denodeify":"^1.2.31","@types/eslint":"^7.2.3","@types/fbemitter":"^2.0.32","@types/immediate":"^3.2.0","@types/isomorphic-fetch":"0.0.35","@types/karma":"^5.0.0","@types/karma-chrome-launcher":"^3.1.0","@types/karma-coverage-istanbul-reporter":"^2.1.0","@types/karma-jasmine":"^3.1.0","@types/karma-jasmine-html-reporter":"^1.5.1","@types/mongodb":"^3.5.27","@types/mongoose":"^5.7.36","@types/nodemon":"^1.19.0","@types/react":"^16.9.49","@types/react-dom":"^16.9.8","@types/react-native":"^0.63.20","@types/sass":"^1.16.0","@types/sass-loader":"^8.0.0","@types/sprintf":"^0.1.0","@types/ua-parser-js":"^0.7.33"}}
[8:46:49.322] Loaded content of '/home/arjun/.cache/typescript/4.0/package-lock.json'
[8:46:49.332] Adding entry into typings cache: 'async' => '/home/arjun/.cache/typescript/4.0/node_modules/@types/async/index.d.ts'
[8:46:49.334] Adding entry into typings cache: 'atob' => '/home/arjun/.cache/typescript/4.0/node_modules/@types/atob/index.d.ts'
[8:46:49.337] Adding entry into typings cache: 'babel__core' => '/home/arjun/.cache/typescript/4.0/node_modules/@types/babel__core/index.d.ts'
[8:46:49.339] Adding entry into typings cache: 'bindings' => '/home/arjun/.cache/typescript/4.0/node_modules/@types/bindings/index.d.ts'
[8:46:49.340] Adding entry into typings cache: 'core-js' => '/home/arjun/.cache/typescript/4.0/node_modules/@types/core-js/index.d.ts'
[8:46:49.342] Adding entry into typings cache: 'denodeify' => '/home/arjun/.cache/typescript/4.0/node_modules/@types/denodeify/index.d.ts'
[8:46:49.344] Adding entry into typings cache: 'eslint' => '/home/arjun/.cache/typescript/4.0/node_modules/@types/eslint/index.d.ts'
[8:46:49.346] Adding entry into typings cache: 'fbemitter' => '/home/arjun/.cache/typescript/4.0/node_modules/@types/fbemitter/index.d.ts'
[8:46:49.349] Adding entry into typings cache: 'immediate' => '/home/arjun/.cache/typescript/4.0/node_modules/@types/immediate/index.d.ts'
[8:46:49.351] Adding entry into typings cache: 'isomorphic-fetch' => '/home/arjun/.cache/typescript/4.0/node_modules/@types/isomorphic-fetch/index.d.ts'
[8:46:49.353] Adding entry into typings cache: 'karma' => '/home/arjun/.cache/typescript/4.0/node_modules/@types/karma/index.d.ts'
[8:46:49.355] Adding entry into typings cache: 'karma-chrome-launcher' => '/home/arjun/.cache/typescript/4.0/node_modules/@types/karma-chrome-launcher/index.d.ts'
[8:46:49.356] Adding entry into typings cache: 'karma-coverage-istanbul-reporter' => '/home/arjun/.cache/typescript/4.0/node_modules/@types/karma-coverage-istanbul-reporter/index.d.ts'
[8:46:49.359] Adding entry into typings cache: 'karma-jasmine' => '/home/arjun/.cache/typescript/4.0/node_modules/@types/karma-jasmine/index.d.ts'
[8:46:49.361] Adding entry into typings cache: 'karma-jasmine-html-reporter' => '/home/arjun/.cache/typescript/4.0/node_modules/@types/karma-jasmine-html-reporter/index.d.ts'
[8:46:49.363] Adding entry into typings cache: 'mongodb' => '/home/arjun/.cache/typescript/4.0/node_modules/@types/mongodb/index.d.ts'
[8:46:49.366] Adding entry into typings cache: 'mongoose' => '/home/arjun/.cache/typescript/4.0/node_modules/@types/mongoose/index.d.ts'
[8:46:49.368] Adding entry into typings cache: 'nodemon' => '/home/arjun/.cache/typescript/4.0/node_modules/@types/nodemon/index.d.ts'
[8:46:49.372] Adding entry into typings cache: 'react' => '/home/arjun/.cache/typescript/4.0/node_modules/@types/react/index.d.ts'
[8:46:49.375] Adding entry into typings cache: 'react-dom' => '/home/arjun/.cache/typescript/4.0/node_modules/@types/react-dom/index.d.ts'
[8:46:49.380] Adding entry into typings cache: 'react-native' => '/home/arjun/.cache/typescript/4.0/node_modules/@types/react-native/index.d.ts'
[8:46:49.382] Adding entry into typings cache: 'sass' => '/home/arjun/.cache/typescript/4.0/node_modules/@types/sass/index.d.ts'
[8:46:49.383] Adding entry into typings cache: 'sass-loader' => '/home/arjun/.cache/typescript/4.0/node_modules/@types/sass-loader/index.d.ts'
[8:46:49.384] Adding entry into typings cache: 'sprintf' => '/home/arjun/.cache/typescript/4.0/node_modules/@types/sprintf/index.d.ts'
[8:46:49.386] Adding entry into typings cache: 'ua-parser-js' => '/home/arjun/.cache/typescript/4.0/node_modules/@types/ua-parser-js/index.d.ts'
[8:46:49.386] Finished processing cache location '/home/arjun/.cache/typescript/4.0'
[8:46:49.386] Process id: 30608
[8:46:49.386] NPM location: /home/arjun/.nvm/versions/node/v12.18.3/bin/npm (explicit '--npmLocation' not  provided)
[8:46:49.386] validateDefaultNpmLocation: false
[8:46:49.386] Npm config file: /home/arjun/.cache/typescript/4.0/package.json
[8:46:49.386] Updating types-registry npm package...
[8:46:49.386] Exec: /home/arjun/.nvm/versions/node/v12.18.3/bin/npm install --ignore-scripts types-registry@latest
[8:46:51.471]     Succeeded. stdout:
    + types-registry@0.1.509
    updated 1 package and audited 63 packages in 1.58s
found 0 vulnerabilities


[8:46:51.472] Updated types-registry npm package
[8:46:51.490] Got install request {"projectName":"/dev/null/inferredProject1*","fileNames":["/home/arjun/.emacs.d/.cache/lsp/npm/typescript/lib/node_modules/typescript/lib/lib.d.ts","/home/arjun/.emacs.d/.cache/lsp/npm/typescript/lib/node_modules/typescript/lib/lib.es5.d.ts","/home/arjun/.emacs.d/.cache/lsp/npm/typescript/lib/node_modules/typescript/lib/lib.dom.d.ts","/home/arjun/.emacs.d/.cache/lsp/npm/typescript/lib/node_modules/typescript/lib/lib.webworker.importscripts.d.ts","/home/arjun/.emacs.d/.cache/lsp/npm/typescript/lib/node_modules/typescript/lib/lib.scripthost.d.ts","/home/arjun/.emacs.d/elisp/treemacs-theme/test.js"],"compilerOptions":{"target":1,"jsx":1,"allowNonTsExtensions":true,"allowJs":true,"noEmitForJsFiles":true,"maxNodeModuleJsDepth":2},"typeAcquisition":{"enable":true,"include":[],"exclude":[]},"unresolvedImports":[],"projectRootPath":"/home/arjun/.emacs.d/elisp/treemacs-theme","kind":"discover"}
[8:46:51.510] Loaded safelist from types map file '/home/arjun/.emacs.d/.cache/lsp/npm/typescript/lib/node_modules/typescript/lib/typesMap.json'
[8:46:51.510] Explicitly included types: []
[8:46:51.511] Inferred typings from unresolved imports: []
[8:46:51.511] Result: {"cachedTypingPaths":[],"newTypingNames":[],"filesToWatch":["/home/arjun/.emacs.d/elisp/treemacs-theme/bower_components","/home/arjun/.emacs.d/elisp/treemacs-theme/node_modules"]}
[8:46:51.511] Finished typings discovery: {"cachedTypingPaths":[],"newTypingNames":[],"filesToWatch":["/home/arjun/.emacs.d/elisp/treemacs-theme/bower_components","/home/arjun/.emacs.d/elisp/treemacs-theme/node_modules"]}
[8:46:51.511] DirectoryWatcher:: Added:: WatchInfo: /home/arjun/.emacs.d/elisp/treemacs-theme/bower_components
[8:46:51.513] DirectoryWatcher:: Added:: WatchInfo: /home/arjun/.emacs.d/elisp/treemacs-theme/node_modules
[8:46:51.513] Sending response:
    {"projectName":"/dev/null/inferredProject1*","typeAcquisition":{"enable":true,"include":[],"exclude":[]},"compilerOptions":{"target":1,"jsx":1,"allowNonTsExtensions":true,"allowJs":true,"noEmitForJsFiles":true,"maxNodeModuleJsDepth":2},"typings":[],"unresolvedImports":[],"kind":"action::set"}
[8:46:51.514] Response has been sent.
[8:46:51.514] No new typings were requested as a result of typings discovery
[8:46:54.124] Got install request {"projectName":"/dev/null/inferredProject1*","fileNames":[],"compilerOptions":{"target":1,"jsx":1,"allowNonTsExtensions":true,"allowJs":true,"noEmitForJsFiles":true},"typeAcquisition":{"enable":true,"include":[],"exclude":[]},"unresolvedImports":[],"projectRootPath":"/home/arjun/.emacs.d/elisp/treemacs-theme","kind":"discover"}
[8:46:54.124] Explicitly included types: []
[8:46:54.124] Inferred typings from unresolved imports: []
[8:46:54.125] Result: {"cachedTypingPaths":[],"newTypingNames":[],"filesToWatch":["/home/arjun/.emacs.d/elisp/treemacs-theme/bower_components","/home/arjun/.emacs.d/elisp/treemacs-theme/node_modules"]}
[8:46:54.125] Finished typings discovery: {"cachedTypingPaths":[],"newTypingNames":[],"filesToWatch":["/home/arjun/.emacs.d/elisp/treemacs-theme/bower_components","/home/arjun/.emacs.d/elisp/treemacs-theme/node_modules"]}
[8:46:54.125] Sending response:
    {"projectName":"/dev/null/inferredProject1*","typeAcquisition":{"enable":true,"include":[],"exclude":[]},"compilerOptions":{"target":1,"jsx":1,"allowNonTsExtensions":true,"allowJs":true,"noEmitForJsFiles":true},"typings":[],"unresolvedImports":[],"kind":"action::set"}
[8:46:54.125] Response has been sent.
[8:46:54.126] No new typings were requested as a result of typings discovery
